Determining if the include file arpa/inet.h exists failed with the following output:
Change Dir: C:/dev/3rdParty/Xerces/3.2.2/Build/VS16/CMakeFiles/CMakeTmp

Run Build Command(s):C:/Program Files (x86)/Microsoft Visual Studio/2019/Professional/MSBuild/Current/Bin/MSBuild.exe cmTC_8027c.vcxproj /p:Configuration=Debug /p:Platform=Win32 /p:VisualStudioVersion=16.0 /v:m && Microsoft (R) Build Engine version 16.4.0+e901037fe for .NET Framework
Copyright (C) Microsoft Corporation. All rights reserved.

  Microsoft (R) C/C++ Optimizing Compiler Version 19.24.28319 for x86
  CheckIncludeFile.cxx
  Copyright (C) Microsoft Corporation.  All rights reserved.
  cl /c /Zi /W3 /WX- /diagnostics:column /Od /Ob0 /Oy- /D WIN32 /D _WINDOWS /D "CMAKE_INTDIR=\"Debug\"" /D _MBCS /Gm- /EHsc /RTC1 /MDd /GS /fp:precise /Zc:wchar_t /Zc:forScope /Zc:inline /GR /std:c++14 /Fo"cmTC_8027c.dir\Debug\\" /Fd"cmTC_8027c.dir\Debug\vc142.pdb" /Gd /TP /analyze- /errorReport:queue C:\dev\3rdParty\Xerces\3.2.2\Build\VS16\CMakeFiles\CMakeTmp\CheckIncludeFile.cxx
C:\dev\3rdParty\Xerces\3.2.2\Build\VS16\CMakeFiles\CMakeTmp\CheckIncludeFile.cxx(1,10): fatal error C1083: Cannot open include file: 'arpa/inet.h': No such file or directory [C:\dev\3rdParty\Xerces\3.2.2\Build\VS16\CMakeFiles\CMakeTmp\cmTC_8027c.vcxproj]



Determining if the include file dlfcn.h exists failed with the following output:
Change Dir: C:/dev/3rdParty/Xerces/3.2.2/Build/VS16/CMakeFiles/CMakeTmp

Run Build Command(s):C:/Program Files (x86)/Microsoft Visual Studio/2019/Professional/MSBuild/Current/Bin/MSBuild.exe cmTC_bfb10.vcxproj /p:Configuration=Debug /p:Platform=Win32 /p:VisualStudioVersion=16.0 /v:m && Microsoft (R) Build Engine version 16.4.0+e901037fe for .NET Framework
Copyright (C) Microsoft Corporation. All rights reserved.

  Microsoft (R) C/C++ Optimizing Compiler Version 19.24.28319 for x86
  CheckIncludeFile.cxx
  Copyright (C) Microsoft Corporation.  All rights reserved.
  cl /c /Zi /W3 /WX- /diagnostics:column /Od /Ob0 /Oy- /D WIN32 /D _WINDOWS /D "CMAKE_INTDIR=\"Debug\"" /D _MBCS /Gm- /EHsc /RTC1 /MDd /GS /fp:precise /Zc:wchar_t /Zc:forScope /Zc:inline /GR /std:c++14 /Fo"cmTC_bfb10.dir\Debug\\" /Fd"cmTC_bfb10.dir\Debug\vc142.pdb" /Gd /TP /analyze- /errorReport:queue C:\dev\3rdParty\Xerces\3.2.2\Build\VS16\CMakeFiles\CMakeTmp\CheckIncludeFile.cxx
C:\dev\3rdParty\Xerces\3.2.2\Build\VS16\CMakeFiles\CMakeTmp\CheckIncludeFile.cxx(1,10): fatal error C1083: Cannot open include file: 'dlfcn.h': No such file or directory [C:\dev\3rdParty\Xerces\3.2.2\Build\VS16\CMakeFiles\CMakeTmp\cmTC_bfb10.vcxproj]



Determining if the include file langinfo.h exists failed with the following output:
Change Dir: C:/dev/3rdParty/Xerces/3.2.2/Build/VS16/CMakeFiles/CMakeTmp

Run Build Command(s):C:/Program Files (x86)/Microsoft Visual Studio/2019/Professional/MSBuild/Current/Bin/MSBuild.exe cmTC_68818.vcxproj /p:Configuration=Debug /p:Platform=Win32 /p:VisualStudioVersion=16.0 /v:m && Microsoft (R) Build Engine version 16.4.0+e901037fe for .NET Framework
Copyright (C) Microsoft Corporation. All rights reserved.

  Microsoft (R) C/C++ Optimizing Compiler Version 19.24.28319 for x86
  CheckIncludeFile.cxx
  Copyright (C) Microsoft Corporation.  All rights reserved.
  cl /c /Zi /W3 /WX- /diagnostics:column /Od /Ob0 /Oy- /D WIN32 /D _WINDOWS /D "CMAKE_INTDIR=\"Debug\"" /D _MBCS /Gm- /EHsc /RTC1 /MDd /GS /fp:precise /Zc:wchar_t /Zc:forScope /Zc:inline /GR /std:c++14 /Fo"cmTC_68818.dir\Debug\\" /Fd"cmTC_68818.dir\Debug\vc142.pdb" /Gd /TP /analyze- /errorReport:queue C:\dev\3rdParty\Xerces\3.2.2\Build\VS16\CMakeFiles\CMakeTmp\CheckIncludeFile.cxx
C:\dev\3rdParty\Xerces\3.2.2\Build\VS16\CMakeFiles\CMakeTmp\CheckIncludeFile.cxx(1,10): fatal error C1083: Cannot open include file: 'langinfo.h': No such file or directory [C:\dev\3rdParty\Xerces\3.2.2\Build\VS16\CMakeFiles\CMakeTmp\cmTC_68818.vcxproj]



Determining if the include file netdb.h exists failed with the following output:
Change Dir: C:/dev/3rdParty/Xerces/3.2.2/Build/VS16/CMakeFiles/CMakeTmp

Run Build Command(s):C:/Program Files (x86)/Microsoft Visual Studio/2019/Professional/MSBuild/Current/Bin/MSBuild.exe cmTC_030dd.vcxproj /p:Configuration=Debug /p:Platform=Win32 /p:VisualStudioVersion=16.0 /v:m && Microsoft (R) Build Engine version 16.4.0+e901037fe for .NET Framework
Copyright (C) Microsoft Corporation. All rights reserved.

  Microsoft (R) C/C++ Optimizing Compiler Version 19.24.28319 for x86
  CheckIncludeFile.cxx
  Copyright (C) Microsoft Corporation.  All rights reserved.
  cl /c /Zi /W3 /WX- /diagnostics:column /Od /Ob0 /Oy- /D WIN32 /D _WINDOWS /D "CMAKE_INTDIR=\"Debug\"" /D _MBCS /Gm- /EHsc /RTC1 /MDd /GS /fp:precise /Zc:wchar_t /Zc:forScope /Zc:inline /GR /std:c++14 /Fo"cmTC_030dd.dir\Debug\\" /Fd"cmTC_030dd.dir\Debug\vc142.pdb" /Gd /TP /analyze- /errorReport:queue C:\dev\3rdParty\Xerces\3.2.2\Build\VS16\CMakeFiles\CMakeTmp\CheckIncludeFile.cxx
C:\dev\3rdParty\Xerces\3.2.2\Build\VS16\CMakeFiles\CMakeTmp\CheckIncludeFile.cxx(1,10): fatal error C1083: Cannot open include file: 'netdb.h': No such file or directory [C:\dev\3rdParty\Xerces\3.2.2\Build\VS16\CMakeFiles\CMakeTmp\cmTC_030dd.vcxproj]



Determining if the include file netinet/in.h exists failed with the following output:
Change Dir: C:/dev/3rdParty/Xerces/3.2.2/Build/VS16/CMakeFiles/CMakeTmp

Run Build Command(s):C:/Program Files (x86)/Microsoft Visual Studio/2019/Professional/MSBuild/Current/Bin/MSBuild.exe cmTC_7bbab.vcxproj /p:Configuration=Debug /p:Platform=Win32 /p:VisualStudioVersion=16.0 /v:m && Microsoft (R) Build Engine version 16.4.0+e901037fe for .NET Framework
Copyright (C) Microsoft Corporation. All rights reserved.

  Microsoft (R) C/C++ Optimizing Compiler Version 19.24.28319 for x86
  CheckIncludeFile.cxx
  Copyright (C) Microsoft Corporation.  All rights reserved.
  cl /c /Zi /W3 /WX- /diagnostics:column /Od /Ob0 /Oy- /D WIN32 /D _WINDOWS /D "CMAKE_INTDIR=\"Debug\"" /D _MBCS /Gm- /EHsc /RTC1 /MDd /GS /fp:precise /Zc:wchar_t /Zc:forScope /Zc:inline /GR /std:c++14 /Fo"cmTC_7bbab.dir\Debug\\" /Fd"cmTC_7bbab.dir\Debug\vc142.pdb" /Gd /TP /analyze- /errorReport:queue C:\dev\3rdParty\Xerces\3.2.2\Build\VS16\CMakeFiles\CMakeTmp\CheckIncludeFile.cxx
C:\dev\3rdParty\Xerces\3.2.2\Build\VS16\CMakeFiles\CMakeTmp\CheckIncludeFile.cxx(1,10): fatal error C1083: Cannot open include file: 'netinet/in.h': No such file or directory [C:\dev\3rdParty\Xerces\3.2.2\Build\VS16\CMakeFiles\CMakeTmp\cmTC_7bbab.vcxproj]



Determining if the include file nl_types.h exists failed with the following output:
Change Dir: C:/dev/3rdParty/Xerces/3.2.2/Build/VS16/CMakeFiles/CMakeTmp

Run Build Command(s):C:/Program Files (x86)/Microsoft Visual Studio/2019/Professional/MSBuild/Current/Bin/MSBuild.exe cmTC_b6808.vcxproj /p:Configuration=Debug /p:Platform=Win32 /p:VisualStudioVersion=16.0 /v:m && Microsoft (R) Build Engine version 16.4.0+e901037fe for .NET Framework
Copyright (C) Microsoft Corporation. All rights reserved.

  Microsoft (R) C/C++ Optimizing Compiler Version 19.24.28319 for x86
  CheckIncludeFile.cxx
  Copyright (C) Microsoft Corporation.  All rights reserved.
  cl /c /Zi /W3 /WX- /diagnostics:column /Od /Ob0 /Oy- /D WIN32 /D _WINDOWS /D "CMAKE_INTDIR=\"Debug\"" /D _MBCS /Gm- /EHsc /RTC1 /MDd /GS /fp:precise /Zc:wchar_t /Zc:forScope /Zc:inline /GR /std:c++14 /Fo"cmTC_b6808.dir\Debug\\" /Fd"cmTC_b6808.dir\Debug\vc142.pdb" /Gd /TP /analyze- /errorReport:queue C:\dev\3rdParty\Xerces\3.2.2\Build\VS16\CMakeFiles\CMakeTmp\CheckIncludeFile.cxx
C:\dev\3rdParty\Xerces\3.2.2\Build\VS16\CMakeFiles\CMakeTmp\CheckIncludeFile.cxx(1,10): fatal error C1083: Cannot open include file: 'nl_types.h': No such file or directory [C:\dev\3rdParty\Xerces\3.2.2\Build\VS16\CMakeFiles\CMakeTmp\cmTC_b6808.vcxproj]



Determining if the include file strings.h exists failed with the following output:
Change Dir: C:/dev/3rdParty/Xerces/3.2.2/Build/VS16/CMakeFiles/CMakeTmp

Run Build Command(s):C:/Program Files (x86)/Microsoft Visual Studio/2019/Professional/MSBuild/Current/Bin/MSBuild.exe cmTC_7594a.vcxproj /p:Configuration=Debug /p:Platform=Win32 /p:VisualStudioVersion=16.0 /v:m && Microsoft (R) Build Engine version 16.4.0+e901037fe for .NET Framework
Copyright (C) Microsoft Corporation. All rights reserved.

  Microsoft (R) C/C++ Optimizing Compiler Version 19.24.28319 for x86
  CheckIncludeFile.cxx
  Copyright (C) Microsoft Corporation.  All rights reserved.
  cl /c /Zi /W3 /WX- /diagnostics:column /Od /Ob0 /Oy- /D WIN32 /D _WINDOWS /D "CMAKE_INTDIR=\"Debug\"" /D _MBCS /Gm- /EHsc /RTC1 /MDd /GS /fp:precise /Zc:wchar_t /Zc:forScope /Zc:inline /GR /std:c++14 /Fo"cmTC_7594a.dir\Debug\\" /Fd"cmTC_7594a.dir\Debug\vc142.pdb" /Gd /TP /analyze- /errorReport:queue C:\dev\3rdParty\Xerces\3.2.2\Build\VS16\CMakeFiles\CMakeTmp\CheckIncludeFile.cxx
C:\dev\3rdParty\Xerces\3.2.2\Build\VS16\CMakeFiles\CMakeTmp\CheckIncludeFile.cxx(1,10): fatal error C1083: Cannot open include file: 'strings.h': No such file or directory [C:\dev\3rdParty\Xerces\3.2.2\Build\VS16\CMakeFiles\CMakeTmp\cmTC_7594a.vcxproj]



Determining if the include file sys/param.h exists failed with the following output:
Change Dir: C:/dev/3rdParty/Xerces/3.2.2/Build/VS16/CMakeFiles/CMakeTmp

Run Build Command(s):C:/Program Files (x86)/Microsoft Visual Studio/2019/Professional/MSBuild/Current/Bin/MSBuild.exe cmTC_5ba1e.vcxproj /p:Configuration=Debug /p:Platform=Win32 /p:VisualStudioVersion=16.0 /v:m && Microsoft (R) Build Engine version 16.4.0+e901037fe for .NET Framework
Copyright (C) Microsoft Corporation. All rights reserved.

  Microsoft (R) C/C++ Optimizing Compiler Version 19.24.28319 for x86
  CheckIncludeFile.cxx
  Copyright (C) Microsoft Corporation.  All rights reserved.
  cl /c /Zi /W3 /WX- /diagnostics:column /Od /Ob0 /Oy- /D WIN32 /D _WINDOWS /D "CMAKE_INTDIR=\"Debug\"" /D _MBCS /Gm- /EHsc /RTC1 /MDd /GS /fp:precise /Zc:wchar_t /Zc:forScope /Zc:inline /GR /std:c++14 /Fo"cmTC_5ba1e.dir\Debug\\" /Fd"cmTC_5ba1e.dir\Debug\vc142.pdb" /Gd /TP /analyze- /errorReport:queue C:\dev\3rdParty\Xerces\3.2.2\Build\VS16\CMakeFiles\CMakeTmp\CheckIncludeFile.cxx
C:\dev\3rdParty\Xerces\3.2.2\Build\VS16\CMakeFiles\CMakeTmp\CheckIncludeFile.cxx(1,10): fatal error C1083: Cannot open include file: 'sys/param.h': No such file or directory [C:\dev\3rdParty\Xerces\3.2.2\Build\VS16\CMakeFiles\CMakeTmp\cmTC_5ba1e.vcxproj]



Determining if the include file sys/socket.h exists failed with the following output:
Change Dir: C:/dev/3rdParty/Xerces/3.2.2/Build/VS16/CMakeFiles/CMakeTmp

Run Build Command(s):C:/Program Files (x86)/Microsoft Visual Studio/2019/Professional/MSBuild/Current/Bin/MSBuild.exe cmTC_9bed7.vcxproj /p:Configuration=Debug /p:Platform=Win32 /p:VisualStudioVersion=16.0 /v:m && Microsoft (R) Build Engine version 16.4.0+e901037fe for .NET Framework
Copyright (C) Microsoft Corporation. All rights reserved.

  Microsoft (R) C/C++ Optimizing Compiler Version 19.24.28319 for x86
  CheckIncludeFile.cxx
  Copyright (C) Microsoft Corporation.  All rights reserved.
  cl /c /Zi /W3 /WX- /diagnostics:column /Od /Ob0 /Oy- /D WIN32 /D _WINDOWS /D "CMAKE_INTDIR=\"Debug\"" /D _MBCS /Gm- /EHsc /RTC1 /MDd /GS /fp:precise /Zc:wchar_t /Zc:forScope /Zc:inline /GR /std:c++14 /Fo"cmTC_9bed7.dir\Debug\\" /Fd"cmTC_9bed7.dir\Debug\vc142.pdb" /Gd /TP /analyze- /errorReport:queue C:\dev\3rdParty\Xerces\3.2.2\Build\VS16\CMakeFiles\CMakeTmp\CheckIncludeFile.cxx
C:\dev\3rdParty\Xerces\3.2.2\Build\VS16\CMakeFiles\CMakeTmp\CheckIncludeFile.cxx(1,10): fatal error C1083: Cannot open include file: 'sys/socket.h': No such file or directory [C:\dev\3rdParty\Xerces\3.2.2\Build\VS16\CMakeFiles\CMakeTmp\cmTC_9bed7.vcxproj]



Determining if the include file sys/time.h exists failed with the following output:
Change Dir: C:/dev/3rdParty/Xerces/3.2.2/Build/VS16/CMakeFiles/CMakeTmp

Run Build Command(s):C:/Program Files (x86)/Microsoft Visual Studio/2019/Professional/MSBuild/Current/Bin/MSBuild.exe cmTC_9c880.vcxproj /p:Configuration=Debug /p:Platform=Win32 /p:VisualStudioVersion=16.0 /v:m && Microsoft (R) Build Engine version 16.4.0+e901037fe for .NET Framework
Copyright (C) Microsoft Corporation. All rights reserved.

  Microsoft (R) C/C++ Optimizing Compiler Version 19.24.28319 for x86
  CheckIncludeFile.cxx
  Copyright (C) Microsoft Corporation.  All rights reserved.
  cl /c /Zi /W3 /WX- /diagnostics:column /Od /Ob0 /Oy- /D WIN32 /D _WINDOWS /D "CMAKE_INTDIR=\"Debug\"" /D _MBCS /Gm- /EHsc /RTC1 /MDd /GS /fp:precise /Zc:wchar_t /Zc:forScope /Zc:inline /GR /std:c++14 /Fo"cmTC_9c880.dir\Debug\\" /Fd"cmTC_9c880.dir\Debug\vc142.pdb" /Gd /TP /analyze- /errorReport:queue C:\dev\3rdParty\Xerces\3.2.2\Build\VS16\CMakeFiles\CMakeTmp\CheckIncludeFile.cxx
C:\dev\3rdParty\Xerces\3.2.2\Build\VS16\CMakeFiles\CMakeTmp\CheckIncludeFile.cxx(1,10): fatal error C1083: Cannot open include file: 'sys/time.h': No such file or directory [C:\dev\3rdParty\Xerces\3.2.2\Build\VS16\CMakeFiles\CMakeTmp\cmTC_9c880.vcxproj]



Determining if the include file unistd.h exists failed with the following output:
Change Dir: C:/dev/3rdParty/Xerces/3.2.2/Build/VS16/CMakeFiles/CMakeTmp

Run Build Command(s):C:/Program Files (x86)/Microsoft Visual Studio/2019/Professional/MSBuild/Current/Bin/MSBuild.exe cmTC_40316.vcxproj /p:Configuration=Debug /p:Platform=Win32 /p:VisualStudioVersion=16.0 /v:m && Microsoft (R) Build Engine version 16.4.0+e901037fe for .NET Framework
Copyright (C) Microsoft Corporation. All rights reserved.

  Microsoft (R) C/C++ Optimizing Compiler Version 19.24.28319 for x86
  CheckIncludeFile.cxx
  Copyright (C) Microsoft Corporation.  All rights reserved.
  cl /c /Zi /W3 /WX- /diagnostics:column /Od /Ob0 /Oy- /D WIN32 /D _WINDOWS /D "CMAKE_INTDIR=\"Debug\"" /D _MBCS /Gm- /EHsc /RTC1 /MDd /GS /fp:precise /Zc:wchar_t /Zc:forScope /Zc:inline /GR /std:c++14 /Fo"cmTC_40316.dir\Debug\\" /Fd"cmTC_40316.dir\Debug\vc142.pdb" /Gd /TP /analyze- /errorReport:queue C:\dev\3rdParty\Xerces\3.2.2\Build\VS16\CMakeFiles\CMakeTmp\CheckIncludeFile.cxx
C:\dev\3rdParty\Xerces\3.2.2\Build\VS16\CMakeFiles\CMakeTmp\CheckIncludeFile.cxx(1,10): fatal error C1083: Cannot open include file: 'unistd.h': No such file or directory [C:\dev\3rdParty\Xerces\3.2.2\Build\VS16\CMakeFiles\CMakeTmp\cmTC_40316.vcxproj]



Determining if the include file endian.h exists failed with the following output:
Change Dir: C:/dev/3rdParty/Xerces/3.2.2/Build/VS16/CMakeFiles/CMakeTmp

Run Build Command(s):C:/Program Files (x86)/Microsoft Visual Studio/2019/Professional/MSBuild/Current/Bin/MSBuild.exe cmTC_a4ea7.vcxproj /p:Configuration=Debug /p:Platform=Win32 /p:VisualStudioVersion=16.0 /v:m && Microsoft (R) Build Engine version 16.4.0+e901037fe for .NET Framework
Copyright (C) Microsoft Corporation. All rights reserved.

  Microsoft (R) C/C++ Optimizing Compiler Version 19.24.28319 for x86
  CheckIncludeFile.cxx
  Copyright (C) Microsoft Corporation.  All rights reserved.
  cl /c /Zi /W3 /WX- /diagnostics:column /Od /Ob0 /Oy- /D WIN32 /D _WINDOWS /D "CMAKE_INTDIR=\"Debug\"" /D _MBCS /Gm- /EHsc /RTC1 /MDd /GS /fp:precise /Zc:wchar_t /Zc:forScope /Zc:inline /GR /std:c++14 /Fo"cmTC_a4ea7.dir\Debug\\" /Fd"cmTC_a4ea7.dir\Debug\vc142.pdb" /Gd /TP /analyze- /errorReport:queue C:\dev\3rdParty\Xerces\3.2.2\Build\VS16\CMakeFiles\CMakeTmp\CheckIncludeFile.cxx
C:\dev\3rdParty\Xerces\3.2.2\Build\VS16\CMakeFiles\CMakeTmp\CheckIncludeFile.cxx(1,10): fatal error C1083: Cannot open include file: 'endian.h': No such file or directory [C:\dev\3rdParty\Xerces\3.2.2\Build\VS16\CMakeFiles\CMakeTmp\cmTC_a4ea7.vcxproj]



Determining if the include file machine/endian.h exists failed with the following output:
Change Dir: C:/dev/3rdParty/Xerces/3.2.2/Build/VS16/CMakeFiles/CMakeTmp

Run Build Command(s):C:/Program Files (x86)/Microsoft Visual Studio/2019/Professional/MSBuild/Current/Bin/MSBuild.exe cmTC_c6441.vcxproj /p:Configuration=Debug /p:Platform=Win32 /p:VisualStudioVersion=16.0 /v:m && Microsoft (R) Build Engine version 16.4.0+e901037fe for .NET Framework
Copyright (C) Microsoft Corporation. All rights reserved.

  Microsoft (R) C/C++ Optimizing Compiler Version 19.24.28319 for x86
  CheckIncludeFile.cxx
  Copyright (C) Microsoft Corporation.  All rights reserved.
  cl /c /Zi /W3 /WX- /diagnostics:column /Od /Ob0 /Oy- /D WIN32 /D _WINDOWS /D "CMAKE_INTDIR=\"Debug\"" /D _MBCS /Gm- /EHsc /RTC1 /MDd /GS /fp:precise /Zc:wchar_t /Zc:forScope /Zc:inline /GR /std:c++14 /Fo"cmTC_c6441.dir\Debug\\" /Fd"cmTC_c6441.dir\Debug\vc142.pdb" /Gd /TP /analyze- /errorReport:queue C:\dev\3rdParty\Xerces\3.2.2\Build\VS16\CMakeFiles\CMakeTmp\CheckIncludeFile.cxx
C:\dev\3rdParty\Xerces\3.2.2\Build\VS16\CMakeFiles\CMakeTmp\CheckIncludeFile.cxx(1,10): fatal error C1083: Cannot open include file: 'machine/endian.h': No such file or directory [C:\dev\3rdParty\Xerces\3.2.2\Build\VS16\CMakeFiles\CMakeTmp\cmTC_c6441.vcxproj]



Determining if the include file arpa/nameser_compat.h exists failed with the following output:
Change Dir: C:/dev/3rdParty/Xerces/3.2.2/Build/VS16/CMakeFiles/CMakeTmp

Run Build Command(s):C:/Program Files (x86)/Microsoft Visual Studio/2019/Professional/MSBuild/Current/Bin/MSBuild.exe cmTC_b7fca.vcxproj /p:Configuration=Debug /p:Platform=Win32 /p:VisualStudioVersion=16.0 /v:m && Microsoft (R) Build Engine version 16.4.0+e901037fe for .NET Framework
Copyright (C) Microsoft Corporation. All rights reserved.

  Microsoft (R) C/C++ Optimizing Compiler Version 19.24.28319 for x86
  CheckIncludeFile.cxx
  Copyright (C) Microsoft Corporation.  All rights reserved.
  cl /c /Zi /W3 /WX- /diagnostics:column /Od /Ob0 /Oy- /D WIN32 /D _WINDOWS /D "CMAKE_INTDIR=\"Debug\"" /D _MBCS /Gm- /EHsc /RTC1 /MDd /GS /fp:precise /Zc:wchar_t /Zc:forScope /Zc:inline /GR /std:c++14 /Fo"cmTC_b7fca.dir\Debug\\" /Fd"cmTC_b7fca.dir\Debug\vc142.pdb" /Gd /TP /analyze- /errorReport:queue C:\dev\3rdParty\Xerces\3.2.2\Build\VS16\CMakeFiles\CMakeTmp\CheckIncludeFile.cxx
C:\dev\3rdParty\Xerces\3.2.2\Build\VS16\CMakeFiles\CMakeTmp\CheckIncludeFile.cxx(1,10): fatal error C1083: Cannot open include file: 'arpa/nameser_compat.h': No such file or directory [C:\dev\3rdParty\Xerces\3.2.2\Build\VS16\CMakeFiles\CMakeTmp\cmTC_b7fca.vcxproj]



Determining if the function pathconf exists failed with the following output:
Change Dir: C:/dev/3rdParty/Xerces/3.2.2/Build/VS16/CMakeFiles/CMakeTmp

Run Build Command(s):C:/Program Files (x86)/Microsoft Visual Studio/2019/Professional/MSBuild/Current/Bin/MSBuild.exe cmTC_f7b79.vcxproj /p:Configuration=Debug /p:Platform=Win32 /p:VisualStudioVersion=16.0 /v:m && Microsoft (R) Build Engine version 16.4.0+e901037fe for .NET Framework
Copyright (C) Microsoft Corporation. All rights reserved.

  Microsoft (R) C/C++ Optimizing Compiler Version 19.24.28319 for x86
  CheckFunctionExists.c
  Copyright (C) Microsoft Corporation.  All rights reserved.
  cl /c /Zi /W3 /WX- /diagnostics:column /Od /Ob0 /Oy- /D WIN32 /D _WINDOWS /D CHECK_FUNCTION_EXISTS=pathconf /D "CMAKE_INTDIR=\"Debug\"" /D _MBCS /Gm- /RTC1 /MDd /GS /fp:precise /Zc:wchar_t /Zc:forScope /Zc:inline /Fo"cmTC_f7b79.dir\Debug\\" /Fd"cmTC_f7b79.dir\Debug\vc142.pdb" /Gd /TC /analyze- /errorReport:queue "C:\dev\3rdParty\CMake\3.15.4\x86\share\cmake-3.15\Modules\CheckFunctionExists.c"
CheckFunctionExists.obj : error LNK2019: unresolved external symbol _pathconf referenced in function _main [C:\dev\3rdParty\Xerces\3.2.2\Build\VS16\CMakeFiles\CMakeTmp\cmTC_f7b79.vcxproj]
C:\dev\3rdParty\Xerces\3.2.2\Build\VS16\CMakeFiles\CMakeTmp\Debug\cmTC_f7b79.exe : fatal error LNK1120: 1 unresolved externals [C:\dev\3rdParty\Xerces\3.2.2\Build\VS16\CMakeFiles\CMakeTmp\cmTC_f7b79.vcxproj]



Determining if the function realpath exists failed with the following output:
Change Dir: C:/dev/3rdParty/Xerces/3.2.2/Build/VS16/CMakeFiles/CMakeTmp

Run Build Command(s):C:/Program Files (x86)/Microsoft Visual Studio/2019/Professional/MSBuild/Current/Bin/MSBuild.exe cmTC_f912d.vcxproj /p:Configuration=Debug /p:Platform=Win32 /p:VisualStudioVersion=16.0 /v:m && Microsoft (R) Build Engine version 16.4.0+e901037fe for .NET Framework
Copyright (C) Microsoft Corporation. All rights reserved.

  Microsoft (R) C/C++ Optimizing Compiler Version 19.24.28319 for x86
  CheckFunctionExists.c
  Copyright (C) Microsoft Corporation.  All rights reserved.
  cl /c /Zi /W3 /WX- /diagnostics:column /Od /Ob0 /Oy- /D WIN32 /D _WINDOWS /D CHECK_FUNCTION_EXISTS=realpath /D "CMAKE_INTDIR=\"Debug\"" /D _MBCS /Gm- /RTC1 /MDd /GS /fp:precise /Zc:wchar_t /Zc:forScope /Zc:inline /Fo"cmTC_f912d.dir\Debug\\" /Fd"cmTC_f912d.dir\Debug\vc142.pdb" /Gd /TC /analyze- /errorReport:queue "C:\dev\3rdParty\CMake\3.15.4\x86\share\cmake-3.15\Modules\CheckFunctionExists.c"
CheckFunctionExists.obj : error LNK2019: unresolved external symbol _realpath referenced in function _main [C:\dev\3rdParty\Xerces\3.2.2\Build\VS16\CMakeFiles\CMakeTmp\cmTC_f912d.vcxproj]
C:\dev\3rdParty\Xerces\3.2.2\Build\VS16\CMakeFiles\CMakeTmp\Debug\cmTC_f912d.exe : fatal error LNK1120: 1 unresolved externals [C:\dev\3rdParty\Xerces\3.2.2\Build\VS16\CMakeFiles\CMakeTmp\cmTC_f912d.vcxproj]



Determining if the function getaddrinfo exists failed with the following output:
Change Dir: C:/dev/3rdParty/Xerces/3.2.2/Build/VS16/CMakeFiles/CMakeTmp

Run Build Command(s):C:/Program Files (x86)/Microsoft Visual Studio/2019/Professional/MSBuild/Current/Bin/MSBuild.exe cmTC_5ba4b.vcxproj /p:Configuration=Debug /p:Platform=Win32 /p:VisualStudioVersion=16.0 /v:m && Microsoft (R) Build Engine version 16.4.0+e901037fe for .NET Framework
Copyright (C) Microsoft Corporation. All rights reserved.

  Microsoft (R) C/C++ Optimizing Compiler Version 19.24.28319 for x86
  CheckFunctionExists.c
  Copyright (C) Microsoft Corporation.  All rights reserved.
  cl /c /Zi /W3 /WX- /diagnostics:column /Od /Ob0 /Oy- /D WIN32 /D _WINDOWS /D CHECK_FUNCTION_EXISTS=getaddrinfo /D "CMAKE_INTDIR=\"Debug\"" /D _MBCS /Gm- /RTC1 /MDd /GS /fp:precise /Zc:wchar_t /Zc:forScope /Zc:inline /Fo"cmTC_5ba4b.dir\Debug\\" /Fd"cmTC_5ba4b.dir\Debug\vc142.pdb" /Gd /TC /analyze- /errorReport:queue "C:\dev\3rdParty\CMake\3.15.4\x86\share\cmake-3.15\Modules\CheckFunctionExists.c"
CheckFunctionExists.obj : error LNK2019: unresolved external symbol _getaddrinfo referenced in function _main [C:\dev\3rdParty\Xerces\3.2.2\Build\VS16\CMakeFiles\CMakeTmp\cmTC_5ba4b.vcxproj]
C:\dev\3rdParty\Xerces\3.2.2\Build\VS16\CMakeFiles\CMakeTmp\Debug\cmTC_5ba4b.exe : fatal error LNK1120: 1 unresolved externals [C:\dev\3rdParty\Xerces\3.2.2\Build\VS16\CMakeFiles\CMakeTmp\cmTC_5ba4b.vcxproj]



Determining if the function gethostbyaddr exists failed with the following output:
Change Dir: C:/dev/3rdParty/Xerces/3.2.2/Build/VS16/CMakeFiles/CMakeTmp

Run Build Command(s):C:/Program Files (x86)/Microsoft Visual Studio/2019/Professional/MSBuild/Current/Bin/MSBuild.exe cmTC_6e457.vcxproj /p:Configuration=Debug /p:Platform=Win32 /p:VisualStudioVersion=16.0 /v:m && Microsoft (R) Build Engine version 16.4.0+e901037fe for .NET Framework
Copyright (C) Microsoft Corporation. All rights reserved.

  Microsoft (R) C/C++ Optimizing Compiler Version 19.24.28319 for x86
  CheckFunctionExists.c
  Copyright (C) Microsoft Corporation.  All rights reserved.
  cl /c /Zi /W3 /WX- /diagnostics:column /Od /Ob0 /Oy- /D WIN32 /D _WINDOWS /D CHECK_FUNCTION_EXISTS=gethostbyaddr /D "CMAKE_INTDIR=\"Debug\"" /D _MBCS /Gm- /RTC1 /MDd /GS /fp:precise /Zc:wchar_t /Zc:forScope /Zc:inline /Fo"cmTC_6e457.dir\Debug\\" /Fd"cmTC_6e457.dir\Debug\vc142.pdb" /Gd /TC /analyze- /errorReport:queue "C:\dev\3rdParty\CMake\3.15.4\x86\share\cmake-3.15\Modules\CheckFunctionExists.c"
CheckFunctionExists.obj : error LNK2019: unresolved external symbol _gethostbyaddr referenced in function _main [C:\dev\3rdParty\Xerces\3.2.2\Build\VS16\CMakeFiles\CMakeTmp\cmTC_6e457.vcxproj]
C:\dev\3rdParty\Xerces\3.2.2\Build\VS16\CMakeFiles\CMakeTmp\Debug\cmTC_6e457.exe : fatal error LNK1120: 1 unresolved externals [C:\dev\3rdParty\Xerces\3.2.2\Build\VS16\CMakeFiles\CMakeTmp\cmTC_6e457.vcxproj]



Determining if the function gethostbyname exists failed with the following output:
Change Dir: C:/dev/3rdParty/Xerces/3.2.2/Build/VS16/CMakeFiles/CMakeTmp

Run Build Command(s):C:/Program Files (x86)/Microsoft Visual Studio/2019/Professional/MSBuild/Current/Bin/MSBuild.exe cmTC_e0e47.vcxproj /p:Configuration=Debug /p:Platform=Win32 /p:VisualStudioVersion=16.0 /v:m && Microsoft (R) Build Engine version 16.4.0+e901037fe for .NET Framework
Copyright (C) Microsoft Corporation. All rights reserved.

  Microsoft (R) C/C++ Optimizing Compiler Version 19.24.28319 for x86
  CheckFunctionExists.c
  Copyright (C) Microsoft Corporation.  All rights reserved.
  cl /c /Zi /W3 /WX- /diagnostics:column /Od /Ob0 /Oy- /D WIN32 /D _WINDOWS /D CHECK_FUNCTION_EXISTS=gethostbyname /D "CMAKE_INTDIR=\"Debug\"" /D _MBCS /Gm- /RTC1 /MDd /GS /fp:precise /Zc:wchar_t /Zc:forScope /Zc:inline /Fo"cmTC_e0e47.dir\Debug\\" /Fd"cmTC_e0e47.dir\Debug\vc142.pdb" /Gd /TC /analyze- /errorReport:queue "C:\dev\3rdParty\CMake\3.15.4\x86\share\cmake-3.15\Modules\CheckFunctionExists.c"
CheckFunctionExists.obj : error LNK2019: unresolved external symbol _gethostbyname referenced in function _main [C:\dev\3rdParty\Xerces\3.2.2\Build\VS16\CMakeFiles\CMakeTmp\cmTC_e0e47.vcxproj]
C:\dev\3rdParty\Xerces\3.2.2\Build\VS16\CMakeFiles\CMakeTmp\Debug\cmTC_e0e47.exe : fatal error LNK1120: 1 unresolved externals [C:\dev\3rdParty\Xerces\3.2.2\Build\VS16\CMakeFiles\CMakeTmp\cmTC_e0e47.vcxproj]



Determining if the function socket exists failed with the following output:
Change Dir: C:/dev/3rdParty/Xerces/3.2.2/Build/VS16/CMakeFiles/CMakeTmp

Run Build Command(s):C:/Program Files (x86)/Microsoft Visual Studio/2019/Professional/MSBuild/Current/Bin/MSBuild.exe cmTC_a13b7.vcxproj /p:Configuration=Debug /p:Platform=Win32 /p:VisualStudioVersion=16.0 /v:m && Microsoft (R) Build Engine version 16.4.0+e901037fe for .NET Framework
Copyright (C) Microsoft Corporation. All rights reserved.

  Microsoft (R) C/C++ Optimizing Compiler Version 19.24.28319 for x86
  CheckFunctionExists.c
  Copyright (C) Microsoft Corporation.  All rights reserved.
  cl /c /Zi /W3 /WX- /diagnostics:column /Od /Ob0 /Oy- /D WIN32 /D _WINDOWS /D CHECK_FUNCTION_EXISTS=socket /D "CMAKE_INTDIR=\"Debug\"" /D _MBCS /Gm- /RTC1 /MDd /GS /fp:precise /Zc:wchar_t /Zc:forScope /Zc:inline /Fo"cmTC_a13b7.dir\Debug\\" /Fd"cmTC_a13b7.dir\Debug\vc142.pdb" /Gd /TC /analyze- /errorReport:queue "C:\dev\3rdParty\CMake\3.15.4\x86\share\cmake-3.15\Modules\CheckFunctionExists.c"
CheckFunctionExists.obj : error LNK2019: unresolved external symbol _socket referenced in function _main [C:\dev\3rdParty\Xerces\3.2.2\Build\VS16\CMakeFiles\CMakeTmp\cmTC_a13b7.vcxproj]
C:\dev\3rdParty\Xerces\3.2.2\Build\VS16\CMakeFiles\CMakeTmp\Debug\cmTC_a13b7.exe : fatal error LNK1120: 1 unresolved externals [C:\dev\3rdParty\Xerces\3.2.2\Build\VS16\CMakeFiles\CMakeTmp\cmTC_a13b7.vcxproj]



Determining if the function clock_gettime exists failed with the following output:
Change Dir: C:/dev/3rdParty/Xerces/3.2.2/Build/VS16/CMakeFiles/CMakeTmp

Run Build Command(s):C:/Program Files (x86)/Microsoft Visual Studio/2019/Professional/MSBuild/Current/Bin/MSBuild.exe cmTC_0efc9.vcxproj /p:Configuration=Debug /p:Platform=Win32 /p:VisualStudioVersion=16.0 /v:m && Microsoft (R) Build Engine version 16.4.0+e901037fe for .NET Framework
Copyright (C) Microsoft Corporation. All rights reserved.

  Microsoft (R) C/C++ Optimizing Compiler Version 19.24.28319 for x86
  Copyright (C) Microsoft Corporation.  All rights reserved.
  CheckFunctionExists.c
  cl /c /Zi /W3 /WX- /diagnostics:column /Od /Ob0 /Oy- /D WIN32 /D _WINDOWS /D CHECK_FUNCTION_EXISTS=clock_gettime /D "CMAKE_INTDIR=\"Debug\"" /D _MBCS /Gm- /RTC1 /MDd /GS /fp:precise /Zc:wchar_t /Zc:forScope /Zc:inline /Fo"cmTC_0efc9.dir\Debug\\" /Fd"cmTC_0efc9.dir\Debug\vc142.pdb" /Gd /TC /analyze- /errorReport:queue "C:\dev\3rdParty\CMake\3.15.4\x86\share\cmake-3.15\Modules\CheckFunctionExists.c"
CheckFunctionExists.obj : error LNK2019: unresolved external symbol _clock_gettime referenced in function _main [C:\dev\3rdParty\Xerces\3.2.2\Build\VS16\CMakeFiles\CMakeTmp\cmTC_0efc9.vcxproj]
C:\dev\3rdParty\Xerces\3.2.2\Build\VS16\CMakeFiles\CMakeTmp\Debug\cmTC_0efc9.exe : fatal error LNK1120: 1 unresolved externals [C:\dev\3rdParty\Xerces\3.2.2\Build\VS16\CMakeFiles\CMakeTmp\cmTC_0efc9.vcxproj]



Determining if the function gettimeofday exists failed with the following output:
Change Dir: C:/dev/3rdParty/Xerces/3.2.2/Build/VS16/CMakeFiles/CMakeTmp

Run Build Command(s):C:/Program Files (x86)/Microsoft Visual Studio/2019/Professional/MSBuild/Current/Bin/MSBuild.exe cmTC_49b01.vcxproj /p:Configuration=Debug /p:Platform=Win32 /p:VisualStudioVersion=16.0 /v:m && Microsoft (R) Build Engine version 16.4.0+e901037fe for .NET Framework
Copyright (C) Microsoft Corporation. All rights reserved.

  Microsoft (R) C/C++ Optimizing Compiler Version 19.24.28319 for x86
  Copyright (C) Microsoft Corporation.  All rights reserved.
  CheckFunctionExists.c
  cl /c /Zi /W3 /WX- /diagnostics:column /Od /Ob0 /Oy- /D WIN32 /D _WINDOWS /D CHECK_FUNCTION_EXISTS=gettimeofday /D "CMAKE_INTDIR=\"Debug\"" /D _MBCS /Gm- /RTC1 /MDd /GS /fp:precise /Zc:wchar_t /Zc:forScope /Zc:inline /Fo"cmTC_49b01.dir\Debug\\" /Fd"cmTC_49b01.dir\Debug\vc142.pdb" /Gd /TC /analyze- /errorReport:queue "C:\dev\3rdParty\CMake\3.15.4\x86\share\cmake-3.15\Modules\CheckFunctionExists.c"
CheckFunctionExists.obj : error LNK2019: unresolved external symbol _gettimeofday referenced in function _main [C:\dev\3rdParty\Xerces\3.2.2\Build\VS16\CMakeFiles\CMakeTmp\cmTC_49b01.vcxproj]
C:\dev\3rdParty\Xerces\3.2.2\Build\VS16\CMakeFiles\CMakeTmp\Debug\cmTC_49b01.exe : fatal error LNK1120: 1 unresolved externals [C:\dev\3rdParty\Xerces\3.2.2\Build\VS16\CMakeFiles\CMakeTmp\cmTC_49b01.vcxproj]



Determining if the function gmtime_r exists failed with the following output:
Change Dir: C:/dev/3rdParty/Xerces/3.2.2/Build/VS16/CMakeFiles/CMakeTmp

Run Build Command(s):C:/Program Files (x86)/Microsoft Visual Studio/2019/Professional/MSBuild/Current/Bin/MSBuild.exe cmTC_27616.vcxproj /p:Configuration=Debug /p:Platform=Win32 /p:VisualStudioVersion=16.0 /v:m && Microsoft (R) Build Engine version 16.4.0+e901037fe for .NET Framework
Copyright (C) Microsoft Corporation. All rights reserved.

  Microsoft (R) C/C++ Optimizing Compiler Version 19.24.28319 for x86
  CheckFunctionExists.c
  Copyright (C) Microsoft Corporation.  All rights reserved.
  cl /c /Zi /W3 /WX- /diagnostics:column /Od /Ob0 /Oy- /D WIN32 /D _WINDOWS /D CHECK_FUNCTION_EXISTS=gmtime_r /D "CMAKE_INTDIR=\"Debug\"" /D _MBCS /Gm- /RTC1 /MDd /GS /fp:precise /Zc:wchar_t /Zc:forScope /Zc:inline /Fo"cmTC_27616.dir\Debug\\" /Fd"cmTC_27616.dir\Debug\vc142.pdb" /Gd /TC /analyze- /errorReport:queue "C:\dev\3rdParty\CMake\3.15.4\x86\share\cmake-3.15\Modules\CheckFunctionExists.c"
CheckFunctionExists.obj : error LNK2019: unresolved external symbol _gmtime_r referenced in function _main [C:\dev\3rdParty\Xerces\3.2.2\Build\VS16\CMakeFiles\CMakeTmp\cmTC_27616.vcxproj]
C:\dev\3rdParty\Xerces\3.2.2\Build\VS16\CMakeFiles\CMakeTmp\Debug\cmTC_27616.exe : fatal error LNK1120: 1 unresolved externals [C:\dev\3rdParty\Xerces\3.2.2\Build\VS16\CMakeFiles\CMakeTmp\cmTC_27616.vcxproj]



Determining if the function nl_langinfo exists failed with the following output:
Change Dir: C:/dev/3rdParty/Xerces/3.2.2/Build/VS16/CMakeFiles/CMakeTmp

Run Build Command(s):C:/Program Files (x86)/Microsoft Visual Studio/2019/Professional/MSBuild/Current/Bin/MSBuild.exe cmTC_862cd.vcxproj /p:Configuration=Debug /p:Platform=Win32 /p:VisualStudioVersion=16.0 /v:m && Microsoft (R) Build Engine version 16.4.0+e901037fe for .NET Framework
Copyright (C) Microsoft Corporation. All rights reserved.

  Microsoft (R) C/C++ Optimizing Compiler Version 19.24.28319 for x86
  CheckFunctionExists.c
  Copyright (C) Microsoft Corporation.  All rights reserved.
  cl /c /Zi /W3 /WX- /diagnostics:column /Od /Ob0 /Oy- /D WIN32 /D _WINDOWS /D CHECK_FUNCTION_EXISTS=nl_langinfo /D "CMAKE_INTDIR=\"Debug\"" /D _MBCS /Gm- /RTC1 /MDd /GS /fp:precise /Zc:wchar_t /Zc:forScope /Zc:inline /Fo"cmTC_862cd.dir\Debug\\" /Fd"cmTC_862cd.dir\Debug\vc142.pdb" /Gd /TC /analyze- /errorReport:queue "C:\dev\3rdParty\CMake\3.15.4\x86\share\cmake-3.15\Modules\CheckFunctionExists.c"
CheckFunctionExists.obj : error LNK2019: unresolved external symbol _nl_langinfo referenced in function _main [C:\dev\3rdParty\Xerces\3.2.2\Build\VS16\CMakeFiles\CMakeTmp\cmTC_862cd.vcxproj]
C:\dev\3rdParty\Xerces\3.2.2\Build\VS16\CMakeFiles\CMakeTmp\Debug\cmTC_862cd.exe : fatal error LNK1120: 1 unresolved externals [C:\dev\3rdParty\Xerces\3.2.2\Build\VS16\CMakeFiles\CMakeTmp\cmTC_862cd.vcxproj]



Determining if the function snprintf exists failed with the following output:
Change Dir: C:/dev/3rdParty/Xerces/3.2.2/Build/VS16/CMakeFiles/CMakeTmp

Run Build Command(s):C:/Program Files (x86)/Microsoft Visual Studio/2019/Professional/MSBuild/Current/Bin/MSBuild.exe cmTC_6a7e3.vcxproj /p:Configuration=Debug /p:Platform=Win32 /p:VisualStudioVersion=16.0 /v:m && Microsoft (R) Build Engine version 16.4.0+e901037fe for .NET Framework
Copyright (C) Microsoft Corporation. All rights reserved.

  Microsoft (R) C/C++ Optimizing Compiler Version 19.24.28319 for x86
  CheckFunctionExists.c
  Copyright (C) Microsoft Corporation.  All rights reserved.
  cl /c /Zi /W3 /WX- /diagnostics:column /Od /Ob0 /Oy- /D WIN32 /D _WINDOWS /D CHECK_FUNCTION_EXISTS=snprintf /D "CMAKE_INTDIR=\"Debug\"" /D _MBCS /Gm- /RTC1 /MDd /GS /fp:precise /Zc:wchar_t /Zc:forScope /Zc:inline /Fo"cmTC_6a7e3.dir\Debug\\" /Fd"cmTC_6a7e3.dir\Debug\vc142.pdb" /Gd /TC /analyze- /errorReport:queue "C:\dev\3rdParty\CMake\3.15.4\x86\share\cmake-3.15\Modules\CheckFunctionExists.c"
CheckFunctionExists.obj : error LNK2019: unresolved external symbol _snprintf referenced in function _main [C:\dev\3rdParty\Xerces\3.2.2\Build\VS16\CMakeFiles\CMakeTmp\cmTC_6a7e3.vcxproj]
C:\dev\3rdParty\Xerces\3.2.2\Build\VS16\CMakeFiles\CMakeTmp\Debug\cmTC_6a7e3.exe : fatal error LNK1120: 1 unresolved externals [C:\dev\3rdParty\Xerces\3.2.2\Build\VS16\CMakeFiles\CMakeTmp\cmTC_6a7e3.vcxproj]



Determining if the function strcasecmp exists failed with the following output:
Change Dir: C:/dev/3rdParty/Xerces/3.2.2/Build/VS16/CMakeFiles/CMakeTmp

Run Build Command(s):C:/Program Files (x86)/Microsoft Visual Studio/2019/Professional/MSBuild/Current/Bin/MSBuild.exe cmTC_f15eb.vcxproj /p:Configuration=Debug /p:Platform=Win32 /p:VisualStudioVersion=16.0 /v:m && Microsoft (R) Build Engine version 16.4.0+e901037fe for .NET Framework
Copyright (C) Microsoft Corporation. All rights reserved.

  Microsoft (R) C/C++ Optimizing Compiler Version 19.24.28319 for x86
  CheckFunctionExists.c
  Copyright (C) Microsoft Corporation.  All rights reserved.
  cl /c /Zi /W3 /WX- /diagnostics:column /Od /Ob0 /Oy- /D WIN32 /D _WINDOWS /D CHECK_FUNCTION_EXISTS=strcasecmp /D "CMAKE_INTDIR=\"Debug\"" /D _MBCS /Gm- /RTC1 /MDd /GS /fp:precise /Zc:wchar_t /Zc:forScope /Zc:inline /Fo"cmTC_f15eb.dir\Debug\\" /Fd"cmTC_f15eb.dir\Debug\vc142.pdb" /Gd /TC /analyze- /errorReport:queue "C:\dev\3rdParty\CMake\3.15.4\x86\share\cmake-3.15\Modules\CheckFunctionExists.c"
CheckFunctionExists.obj : error LNK2019: unresolved external symbol _strcasecmp referenced in function _main [C:\dev\3rdParty\Xerces\3.2.2\Build\VS16\CMakeFiles\CMakeTmp\cmTC_f15eb.vcxproj]
C:\dev\3rdParty\Xerces\3.2.2\Build\VS16\CMakeFiles\CMakeTmp\Debug\cmTC_f15eb.exe : fatal error LNK1120: 1 unresolved externals [C:\dev\3rdParty\Xerces\3.2.2\Build\VS16\CMakeFiles\CMakeTmp\cmTC_f15eb.vcxproj]



Determining if the function strncasecmp exists failed with the following output:
Change Dir: C:/dev/3rdParty/Xerces/3.2.2/Build/VS16/CMakeFiles/CMakeTmp

Run Build Command(s):C:/Program Files (x86)/Microsoft Visual Studio/2019/Professional/MSBuild/Current/Bin/MSBuild.exe cmTC_1b6e8.vcxproj /p:Configuration=Debug /p:Platform=Win32 /p:VisualStudioVersion=16.0 /v:m && Microsoft (R) Build Engine version 16.4.0+e901037fe for .NET Framework
Copyright (C) Microsoft Corporation. All rights reserved.

  Microsoft (R) C/C++ Optimizing Compiler Version 19.24.28319 for x86
  Copyright (C) Microsoft Corporation.  All rights reserved.
  CheckFunctionExists.c
  cl /c /Zi /W3 /WX- /diagnostics:column /Od /Ob0 /Oy- /D WIN32 /D _WINDOWS /D CHECK_FUNCTION_EXISTS=strncasecmp /D "CMAKE_INTDIR=\"Debug\"" /D _MBCS /Gm- /RTC1 /MDd /GS /fp:precise /Zc:wchar_t /Zc:forScope /Zc:inline /Fo"cmTC_1b6e8.dir\Debug\\" /Fd"cmTC_1b6e8.dir\Debug\vc142.pdb" /Gd /TC /analyze- /errorReport:queue "C:\dev\3rdParty\CMake\3.15.4\x86\share\cmake-3.15\Modules\CheckFunctionExists.c"
CheckFunctionExists.obj : error LNK2019: unresolved external symbol _strncasecmp referenced in function _main [C:\dev\3rdParty\Xerces\3.2.2\Build\VS16\CMakeFiles\CMakeTmp\cmTC_1b6e8.vcxproj]
C:\dev\3rdParty\Xerces\3.2.2\Build\VS16\CMakeFiles\CMakeTmp\Debug\cmTC_1b6e8.exe : fatal error LNK1120: 1 unresolved externals [C:\dev\3rdParty\Xerces\3.2.2\Build\VS16\CMakeFiles\CMakeTmp\cmTC_1b6e8.vcxproj]



Determining if the function timegm exists failed with the following output:
Change Dir: C:/dev/3rdParty/Xerces/3.2.2/Build/VS16/CMakeFiles/CMakeTmp

Run Build Command(s):C:/Program Files (x86)/Microsoft Visual Studio/2019/Professional/MSBuild/Current/Bin/MSBuild.exe cmTC_6e841.vcxproj /p:Configuration=Debug /p:Platform=Win32 /p:VisualStudioVersion=16.0 /v:m && Microsoft (R) Build Engine version 16.4.0+e901037fe for .NET Framework
Copyright (C) Microsoft Corporation. All rights reserved.

  Microsoft (R) C/C++ Optimizing Compiler Version 19.24.28319 for x86
  CheckFunctionExists.c
  Copyright (C) Microsoft Corporation.  All rights reserved.
  cl /c /Zi /W3 /WX- /diagnostics:column /Od /Ob0 /Oy- /D WIN32 /D _WINDOWS /D CHECK_FUNCTION_EXISTS=timegm /D "CMAKE_INTDIR=\"Debug\"" /D _MBCS /Gm- /RTC1 /MDd /GS /fp:precise /Zc:wchar_t /Zc:forScope /Zc:inline /Fo"cmTC_6e841.dir\Debug\\" /Fd"cmTC_6e841.dir\Debug\vc142.pdb" /Gd /TC /analyze- /errorReport:queue "C:\dev\3rdParty\CMake\3.15.4\x86\share\cmake-3.15\Modules\CheckFunctionExists.c"
CheckFunctionExists.obj : error LNK2019: unresolved external symbol _timegm referenced in function _main [C:\dev\3rdParty\Xerces\3.2.2\Build\VS16\CMakeFiles\CMakeTmp\cmTC_6e841.vcxproj]
C:\dev\3rdParty\Xerces\3.2.2\Build\VS16\CMakeFiles\CMakeTmp\Debug\cmTC_6e841.exe : fatal error LNK1120: 1 unresolved externals [C:\dev\3rdParty\Xerces\3.2.2\Build\VS16\CMakeFiles\CMakeTmp\cmTC_6e841.vcxproj]



Determining size of ssize_t failed with the following output:
Change Dir: C:/dev/3rdParty/Xerces/3.2.2/Build/VS16/CMakeFiles/CMakeTmp

Run Build Command(s):C:/Program Files (x86)/Microsoft Visual Studio/2019/Professional/MSBuild/Current/Bin/MSBuild.exe cmTC_232bd.vcxproj /p:Configuration=Debug /p:Platform=Win32 /p:VisualStudioVersion=16.0 /v:m && Microsoft (R) Build Engine version 16.4.0+e901037fe for .NET Framework
Copyright (C) Microsoft Corporation. All rights reserved.

  Microsoft (R) C/C++ Optimizing Compiler Version 19.24.28319 for x86
  SIZEOF_SSIZE_T.c
  Copyright (C) Microsoft Corporation.  All rights reserved.
  cl /c /Zi /W3 /WX- /diagnostics:column /Od /Ob0 /Oy- /D WIN32 /D _WINDOWS /D "CMAKE_INTDIR=\"Debug\"" /D _MBCS /Gm- /RTC1 /MDd /GS /fp:precise /Zc:wchar_t /Zc:forScope /Zc:inline /Fo"cmTC_232bd.dir\Debug\\" /Fd"cmTC_232bd.dir\Debug\vc142.pdb" /Gd /TC /analyze- /errorReport:queue C:\dev\3rdParty\Xerces\3.2.2\Build\VS16\CMakeFiles\CheckTypeSize\SIZEOF_SSIZE_T.c
C:\dev\3rdParty\Xerces\3.2.2\Build\VS16\CMakeFiles\CheckTypeSize\SIZEOF_SSIZE_T.c(26,12): error C2065: 'ssize_t': undeclared identifier [C:\dev\3rdParty\Xerces\3.2.2\Build\VS16\CMakeFiles\CMakeTmp\cmTC_232bd.vcxproj]
C:\dev\3rdParty\Xerces\3.2.2\Build\VS16\CMakeFiles\CheckTypeSize\SIZEOF_SSIZE_T.c(27,12): error C2065: 'ssize_t': undeclared identifier [C:\dev\3rdParty\Xerces\3.2.2\Build\VS16\CMakeFiles\CMakeTmp\cmTC_232bd.vcxproj]
C:\dev\3rdParty\Xerces\3.2.2\Build\VS16\CMakeFiles\CheckTypeSize\SIZEOF_SSIZE_T.c(28,12): error C2065: 'ssize_t': undeclared identifier [C:\dev\3rdParty\Xerces\3.2.2\Build\VS16\CMakeFiles\CMakeTmp\cmTC_232bd.vcxproj]
C:\dev\3rdParty\Xerces\3.2.2\Build\VS16\CMakeFiles\CheckTypeSize\SIZEOF_SSIZE_T.c(29,12): error C2065: 'ssize_t': undeclared identifier [C:\dev\3rdParty\Xerces\3.2.2\Build\VS16\CMakeFiles\CMakeTmp\cmTC_232bd.vcxproj]
C:\dev\3rdParty\Xerces\3.2.2\Build\VS16\CMakeFiles\CheckTypeSize\SIZEOF_SSIZE_T.c(30,12): error C2065: 'ssize_t': undeclared identifier [C:\dev\3rdParty\Xerces\3.2.2\Build\VS16\CMakeFiles\CMakeTmp\cmTC_232bd.vcxproj]


C:/dev/3rdParty/Xerces/3.2.2/Build/VS16/CMakeFiles/CheckTypeSize/SIZEOF_SSIZE_T.c:
#include <sys/types.h>
#include <stdint.h>
#include <stddef.h>
#include "stddef.h"


#undef KEY
#if defined(__i386)
# define KEY '_','_','i','3','8','6'
#elif defined(__x86_64)
# define KEY '_','_','x','8','6','_','6','4'
#elif defined(__ppc__)
# define KEY '_','_','p','p','c','_','_'
#elif defined(__ppc64__)
# define KEY '_','_','p','p','c','6','4','_','_'
#elif defined(__aarch64__)
# define KEY '_','_','a','a','r','c','h','6','4','_','_'
#elif defined(__ARM_ARCH_7A__)
# define KEY '_','_','A','R','M','_','A','R','C','H','_','7','A','_','_'
#elif defined(__ARM_ARCH_7S__)
# define KEY '_','_','A','R','M','_','A','R','C','H','_','7','S','_','_'
#endif

#define SIZE (sizeof(ssize_t))
static char info_size[] =  {'I', 'N', 'F', 'O', ':', 's','i','z','e','[',
  ('0' + ((SIZE / 10000)%10)),
  ('0' + ((SIZE / 1000)%10)),
  ('0' + ((SIZE / 100)%10)),
  ('0' + ((SIZE / 10)%10)),
  ('0' +  (SIZE    % 10)),
  ']',
#ifdef KEY
  ' ','k','e','y','[', KEY, ']',
#endif
  '\0'};

#ifdef __CLASSIC_C__
int main(argc, argv) int argc; char *argv[];
#else
int main(int argc, char *argv[])
#endif
{
  int require = 0;
  require += info_size[argc];
  (void)argv;
  return require;
}


Determining size of unsigned short failed with the following output:
Change Dir: C:/dev/3rdParty/Xerces/3.2.2/Build/VS16/CMakeFiles/CMakeTmp

Run Build Command(s):C:/Program Files (x86)/Microsoft Visual Studio/2019/Professional/MSBuild/Current/Bin/MSBuild.exe cmTC_ae5ed.vcxproj /p:Configuration=Debug /p:Platform=Win32 /p:VisualStudioVersion=16.0 /v:m && Microsoft (R) Build Engine version 16.4.0+e901037fe for .NET Framework
Copyright (C) Microsoft Corporation. All rights reserved.

MSBUILD : error MSB1025: An internal failure occurred while running MSBuild.
System.IO.FileLoadException: Could not load file or assembly 'Microsoft.Build.Utilities.Core, Version=15.1.0.0, Culture=neutral, PublicKeyToken=b03f5f7f11d50a3a' or one of its dependencies. The process cannot access the file because it is being used by another process. (Exception from HRESULT: 0x80070020)
File name: 'Microsoft.Build.Utilities.Core, Version=15.1.0.0, Culture=neutral, PublicKeyToken=b03f5f7f11d50a3a'
   at System.RuntimeTypeHandle.GetTypeByName(String name, Boolean throwOnError, Boolean ignoreCase, Boolean reflectionOnly, StackCrawlMarkHandle stackMark, IntPtr pPrivHostBinder, Boolean loadTypeFromPartialName, ObjectHandleOnStack type)
   at System.RuntimeTypeHandle.GetTypeByName(String name, Boolean throwOnError, Boolean ignoreCase, Boolean reflectionOnly, StackCrawlMark& stackMark, IntPtr pPrivHostBinder, Boolean loadTypeFromPartialName)
   at System.RuntimeType.GetType(String typeName, Boolean throwOnError, Boolean ignoreCase, Boolean reflectionOnly, StackCrawlMark& stackMark)
   at System.Type.GetType(String typeName, Boolean throwOnError, Boolean ignoreCase)
   at Microsoft.Build.Evaluation.Expander`2.Function`1.GetTypeForStaticMethod(String typeName, String simpleMethodName)
   at Microsoft.Build.Evaluation.Expander`2.Function`1.ExtractPropertyFunction(String expressionFunction, IElementLocation elementLocation, Object propertyValue, UsedUninitializedProperties usedUnInitializedProperties, IFileSystem fileSystem)
   at Microsoft.Build.Evaluation.Expander`2.PropertyExpander`1.ExpandPropertyBody(String propertyBody, Object propertyValue, IPropertyProvider`1 properties, ExpanderOptions options, IElementLocation elementLocation, UsedUninitializedProperties usedUninitializedProperties, IFileSystem fileSystem)
   at Microsoft.Build.Evaluation.Expander`2.PropertyExpander`1.ExpandPropertiesLeaveTypedAndEscaped(String expression, IPropertyProvider`1 properties, ExpanderOptions options, IElementLocation elementLocation, UsedUninitializedProperties usedUninitializedProperties, IFileSystem fileSystem)
   at Microsoft.Build.Evaluation.Expander`2.PropertyExpander`1.ExpandPropertiesLeaveEscaped(String expression, IPropertyProvider`1 properties, ExpanderOptions options, IElementLocation elementLocation, UsedUninitializedProperties usedUninitializedProperties, IFileSystem fileSystem)
   at Microsoft.Build.Evaluation.Expander`2.ExpandIntoStringLeaveEscaped(String expression, ExpanderOptions options, IElementLocation elementLocation)
   at Microsoft.Build.Evaluation.Evaluator`4.EvaluatePropertyElement(ProjectPropertyElement propertyElement)
   at Microsoft.Build.Evaluation.Evaluator`4.EvaluatePropertyGroupElement(ProjectPropertyGroupElement propertyGroupElement)
   at Microsoft.Build.Evaluation.Evaluator`4.PerformDepthFirstPass(ProjectRootElement currentProjectOrImport)
   at Microsoft.Build.Evaluation.Evaluator`4.EvaluateImportElement(String directoryOfImportingFile, ProjectImportElement importElement)
   at Microsoft.Build.Evaluation.Evaluator`4.PerformDepthFirstPass(ProjectRootElement currentProjectOrImport)
   at Microsoft.Build.Evaluation.Evaluator`4.Evaluate(ILoggingService loggingService, BuildEventContext buildEventContext)
   at Microsoft.Build.Evaluation.Evaluator`4.Evaluate(IEvaluatorData`4 data, ProjectRootElement root, ProjectLoadSettings loadSettings, Int32 maxNodeCount, PropertyDictionary`1 environmentProperties, ILoggingService loggingService, IItemFactory`2 itemFactory, IToolsetProvider toolsetProvider, ProjectRootElementCacheBase projectRootElementCache, BuildEventContext buildEventContext, ISdkResolverService sdkResolverService, Int32 submissionId, EvaluationContext evaluationContext, Boolean interactive)
   at Microsoft.Build.Execution.ProjectInstance.Initialize(ProjectRootElement xml, IDictionary`2 globalProperties, String explicitToolsVersion, String explicitSubToolsetVersion, Int32 visualStudioVersionFromSolution, BuildParameters buildParameters, ILoggingService loggingService, BuildEventContext buildEventContext, ISdkResolverService sdkResolverService, Int32 submissionId, Nullable`1 projectLoadSettings)
   at Microsoft.Build.BackEnd.RequestBuilder.LoadProjectFromFile()
   at Microsoft.Build.BackEnd.BuildRequestConfiguration.InitializeProject(BuildParameters buildParameters, Func`1 loadProjectFromFile)
   at Microsoft.Build.BackEnd.RequestBuilder.LoadProjectIntoConfiguration()
   at Microsoft.Build.BackEnd.RequestBuilder.<BuildProject>d__58.MoveNext()
--- End of stack trace from previous location where exception was thrown ---
   at System.Runtime.CompilerServices.TaskAwaiter.ThrowForNonSuccess(Task task)
   at System.Runtime.CompilerServices.TaskAwaiter.HandleNonSuccessAndDebuggerNotification(Task task)
   at Microsoft.Build.BackEnd.RequestBuilder.<BuildAndReport>d__50.MoveNext()

WRN: Assembly binding logging is turned OFF.
To enable assembly bind failure logging, set the registry value [HKLM\Software\Microsoft\Fusion!EnableLog] (DWORD) to 1.
Note: There is some performance penalty associated with assembly bind failure logging.
To turn this feature off, remove the registry value [HKLM\Software\Microsoft\Fusion!EnableLog].


MSBUILD : error MSB1025: An internal failure occurred while running MSBuild.
System.IO.FileLoadException: Could not load file or assembly 'Microsoft.Build.Utilities.Core, Version=15.1.0.0, Culture=neutral, PublicKeyToken=b03f5f7f11d50a3a' or one of its dependencies. The process cannot access the file because it is being used by another process. (Exception from HRESULT: 0x80070020)
File name: 'Microsoft.Build.Utilities.Core, Version=15.1.0.0, Culture=neutral, PublicKeyToken=b03f5f7f11d50a3a'
   at Microsoft.Build.CommandLine.MSBuildApp.BuildProject(String projectFile, String[] targets, String toolsVersion, Dictionary`2 globalProperties, Dictionary`2 restoreProperties, ILogger[] loggers, LoggerVerbosity verbosity, DistributedLoggerRecord[] distributedLoggerRecords, Boolean needToValidateProject, String schemaFile, Int32 cpuCount, Boolean enableNodeReuse, TextWriter preprocessWriter, Boolean detailedSummary, ISet`1 warningsAsErrors, ISet`1 warningsAsMessages, Boolean enableRestore, ProfilerLogger profilerLogger, Boolean enableProfiler, Boolean interactive, Boolean isolateProjects, Boolean graphBuild, String[] inputResultsCaches, String outputResultsCache)
   at Microsoft.Build.CommandLine.MSBuildApp.Execute(String commandLine)

WRN: Assembly binding logging is turned OFF.
To enable assembly bind failure logging, set the registry value [HKLM\Software\Microsoft\Fusion!EnableLog] (DWORD) to 1.
Note: There is some performance penalty associated with assembly bind failure logging.
To turn this feature off, remove the registry value [HKLM\Software\Microsoft\Fusion!EnableLog].


Unhandled Exception: System.IO.FileLoadException: Could not load file or assembly 'Microsoft.Build.Utilities.Core, Version=15.1.0.0, Culture=neutral, PublicKeyToken=b03f5f7f11d50a3a' or one of its dependencies. The process cannot access the file because it is being used by another process. (Exception from HRESULT: 0x80070020)
   at Microsoft.Build.CommandLine.MSBuildApp.BuildProject(String projectFile, String[] targets, String toolsVersion, Dictionary`2 globalProperties, Dictionary`2 restoreProperties, ILogger[] loggers, LoggerVerbosity verbosity, DistributedLoggerRecord[] distributedLoggerRecords, Boolean needToValidateProject, String schemaFile, Int32 cpuCount, Boolean enableNodeReuse, TextWriter preprocessWriter, Boolean detailedSummary, ISet`1 warningsAsErrors, ISet`1 warningsAsMessages, Boolean enableRestore, ProfilerLogger profilerLogger, Boolean enableProfiler, Boolean interactive, Boolean isolateProjects, Boolean graphBuild, String[] inputResultsCaches, String outputResultsCache)
   at Microsoft.Build.CommandLine.MSBuildApp.Execute(String commandLine)
   at Microsoft.Build.CommandLine.MSBuildApp.Main()


C:/dev/3rdParty/Xerces/3.2.2/Build/VS16/CMakeFiles/CheckTypeSize/SIZEOF_UNSIGNED_SHORT.c:
#include <sys/types.h>
#include <stdint.h>
#include <stddef.h>


#undef KEY
#if defined(__i386)
# define KEY '_','_','i','3','8','6'
#elif defined(__x86_64)
# define KEY '_','_','x','8','6','_','6','4'
#elif defined(__ppc__)
# define KEY '_','_','p','p','c','_','_'
#elif defined(__ppc64__)
# define KEY '_','_','p','p','c','6','4','_','_'
#elif defined(__aarch64__)
# define KEY '_','_','a','a','r','c','h','6','4','_','_'
#elif defined(__ARM_ARCH_7A__)
# define KEY '_','_','A','R','M','_','A','R','C','H','_','7','A','_','_'
#elif defined(__ARM_ARCH_7S__)
# define KEY '_','_','A','R','M','_','A','R','C','H','_','7','S','_','_'
#endif

#define SIZE (sizeof(unsigned short))
static char info_size[] =  {'I', 'N', 'F', 'O', ':', 's','i','z','e','[',
  ('0' + ((SIZE / 10000)%10)),
  ('0' + ((SIZE / 1000)%10)),
  ('0' + ((SIZE / 100)%10)),
  ('0' + ((SIZE / 10)%10)),
  ('0' +  (SIZE    % 10)),
  ']',
#ifdef KEY
  ' ','k','e','y','[', KEY, ']',
#endif
  '\0'};

#ifdef __CLASSIC_C__
int main(argc, argv) int argc; char *argv[];
#else
int main(int argc, char *argv[])
#endif
{
  int require = 0;
  require += info_size[argc];
  (void)argv;
  return require;
}


Determining if the include file pthread.h exists failed with the following output:
Change Dir: C:/dev/3rdParty/Xerces/3.2.2/Build/VS16/CMakeFiles/CMakeTmp

Run Build Command(s):C:/Program Files (x86)/Microsoft Visual Studio/2019/Professional/MSBuild/Current/Bin/MSBuild.exe cmTC_62dcd.vcxproj /p:Configuration=Debug /p:Platform=Win32 /p:VisualStudioVersion=16.0 /v:m && Microsoft (R) Build Engine version 16.4.0+e901037fe for .NET Framework
Copyright (C) Microsoft Corporation. All rights reserved.

  Microsoft (R) C/C++ Optimizing Compiler Version 19.24.28319 for x86
  CheckIncludeFile.c
  Copyright (C) Microsoft Corporation.  All rights reserved.
  cl /c /Zi /W3 /WX- /diagnostics:column /Od /Ob0 /Oy- /D WIN32 /D _WINDOWS /D "CMAKE_INTDIR=\"Debug\"" /D _MBCS /Gm- /RTC1 /MDd /GS /fp:precise /Zc:wchar_t /Zc:forScope /Zc:inline /Fo"cmTC_62dcd.dir\Debug\\" /Fd"cmTC_62dcd.dir\Debug\vc142.pdb" /Gd /TC /analyze- /errorReport:queue C:\dev\3rdParty\Xerces\3.2.2\Build\VS16\CMakeFiles\CMakeTmp\CheckIncludeFile.c
C:\dev\3rdParty\Xerces\3.2.2\Build\VS16\CMakeFiles\CMakeTmp\CheckIncludeFile.c(1,10): fatal error C1083: Cannot open include file: 'pthread.h': No such file or directory [C:\dev\3rdParty\Xerces\3.2.2\Build\VS16\CMakeFiles\CMakeTmp\cmTC_62dcd.vcxproj]



Determining if the include file nl_types.h exists failed with the following output:
Change Dir: C:/dev/3rdParty/Xerces/3.2.2/Build/VS16/CMakeFiles/CMakeTmp

Run Build Command(s):C:/Program Files (x86)/Microsoft Visual Studio/2019/Professional/MSBuild/Current/Bin/MSBuild.exe cmTC_4af6d.vcxproj /p:Configuration=Debug /p:Platform=Win32 /p:VisualStudioVersion=16.0 /v:m && Microsoft (R) Build Engine version 16.4.0+e901037fe for .NET Framework
Copyright (C) Microsoft Corporation. All rights reserved.

  Microsoft (R) C/C++ Optimizing Compiler Version 19.24.28319 for x86
  CheckIncludeFile.cxx
  Copyright (C) Microsoft Corporation.  All rights reserved.
  cl /c /Zi /W3 /WX- /diagnostics:column /Od /Ob0 /Oy- /D WIN32 /D _WINDOWS /D "CMAKE_INTDIR=\"Debug\"" /D _MBCS /Gm- /EHsc /RTC1 /MDd /GS /fp:precise /Zc:wchar_t /Zc:forScope /Zc:inline /GR /std:c++14 /Fo"cmTC_4af6d.dir\Debug\\" /Fd"cmTC_4af6d.dir\Debug\vc142.pdb" /Gd /TP /analyze- /errorReport:queue C:\dev\3rdParty\Xerces\3.2.2\Build\VS16\CMakeFiles\CMakeTmp\CheckIncludeFile.cxx
C:\dev\3rdParty\Xerces\3.2.2\Build\VS16\CMakeFiles\CMakeTmp\CheckIncludeFile.cxx(1,10): fatal error C1083: Cannot open include file: 'nl_types.h': No such file or directory [C:\dev\3rdParty\Xerces\3.2.2\Build\VS16\CMakeFiles\CMakeTmp\cmTC_4af6d.vcxproj]



Determining if the function catopen exists failed with the following output:
Change Dir: C:/dev/3rdParty/Xerces/3.2.2/Build/VS16/CMakeFiles/CMakeTmp

Run Build Command(s):C:/Program Files (x86)/Microsoft Visual Studio/2019/Professional/MSBuild/Current/Bin/MSBuild.exe cmTC_95d62.vcxproj /p:Configuration=Debug /p:Platform=Win32 /p:VisualStudioVersion=16.0 /v:m && Microsoft (R) Build Engine version 16.4.0+e901037fe for .NET Framework
Copyright (C) Microsoft Corporation. All rights reserved.

  Microsoft (R) C/C++ Optimizing Compiler Version 19.24.28319 for x86
  CheckFunctionExists.c
  Copyright (C) Microsoft Corporation.  All rights reserved.
  cl /c /Zi /W3 /WX- /diagnostics:column /Od /Ob0 /Oy- /D WIN32 /D _WINDOWS /D CHECK_FUNCTION_EXISTS=catopen /D "CMAKE_INTDIR=\"Debug\"" /D _MBCS /Gm- /RTC1 /MDd /GS /fp:precise /Zc:wchar_t /Zc:forScope /Zc:inline /Fo"cmTC_95d62.dir\Debug\\" /Fd"cmTC_95d62.dir\Debug\vc142.pdb" /Gd /TC /analyze- /errorReport:queue "C:\dev\3rdParty\CMake\3.15.4\x86\share\cmake-3.15\Modules\CheckFunctionExists.c"
CheckFunctionExists.obj : error LNK2019: unresolved external symbol _catopen referenced in function _main [C:\dev\3rdParty\Xerces\3.2.2\Build\VS16\CMakeFiles\CMakeTmp\cmTC_95d62.vcxproj]
C:\dev\3rdParty\Xerces\3.2.2\Build\VS16\CMakeFiles\CMakeTmp\Debug\cmTC_95d62.exe : fatal error LNK1120: 1 unresolved externals [C:\dev\3rdParty\Xerces\3.2.2\Build\VS16\CMakeFiles\CMakeTmp\cmTC_95d62.vcxproj]



Determining if the function catclose exists failed with the following output:
Change Dir: C:/dev/3rdParty/Xerces/3.2.2/Build/VS16/CMakeFiles/CMakeTmp

Run Build Command(s):C:/Program Files (x86)/Microsoft Visual Studio/2019/Professional/MSBuild/Current/Bin/MSBuild.exe cmTC_996a7.vcxproj /p:Configuration=Debug /p:Platform=Win32 /p:VisualStudioVersion=16.0 /v:m && Microsoft (R) Build Engine version 16.4.0+e901037fe for .NET Framework
Copyright (C) Microsoft Corporation. All rights reserved.

  Microsoft (R) C/C++ Optimizing Compiler Version 19.24.28319 for x86
  CheckFunctionExists.c
  Copyright (C) Microsoft Corporation.  All rights reserved.
  cl /c /Zi /W3 /WX- /diagnostics:column /Od /Ob0 /Oy- /D WIN32 /D _WINDOWS /D CHECK_FUNCTION_EXISTS=catclose /D "CMAKE_INTDIR=\"Debug\"" /D _MBCS /Gm- /RTC1 /MDd /GS /fp:precise /Zc:wchar_t /Zc:forScope /Zc:inline /Fo"cmTC_996a7.dir\Debug\\" /Fd"cmTC_996a7.dir\Debug\vc142.pdb" /Gd /TC /analyze- /errorReport:queue "C:\dev\3rdParty\CMake\3.15.4\x86\share\cmake-3.15\Modules\CheckFunctionExists.c"
CheckFunctionExists.obj : error LNK2019: unresolved external symbol _catclose referenced in function _main [C:\dev\3rdParty\Xerces\3.2.2\Build\VS16\CMakeFiles\CMakeTmp\cmTC_996a7.vcxproj]
C:\dev\3rdParty\Xerces\3.2.2\Build\VS16\CMakeFiles\CMakeTmp\Debug\cmTC_996a7.exe : fatal error LNK1120: 1 unresolved externals [C:\dev\3rdParty\Xerces\3.2.2\Build\VS16\CMakeFiles\CMakeTmp\cmTC_996a7.vcxproj]



Determining if the function catgets exists failed with the following output:
Change Dir: C:/dev/3rdParty/Xerces/3.2.2/Build/VS16/CMakeFiles/CMakeTmp

Run Build Command(s):C:/Program Files (x86)/Microsoft Visual Studio/2019/Professional/MSBuild/Current/Bin/MSBuild.exe cmTC_f0f97.vcxproj /p:Configuration=Debug /p:Platform=Win32 /p:VisualStudioVersion=16.0 /v:m && Microsoft (R) Build Engine version 16.4.0+e901037fe for .NET Framework
Copyright (C) Microsoft Corporation. All rights reserved.

  Microsoft (R) C/C++ Optimizing Compiler Version 19.24.28319 for x86
  CheckFunctionExists.c
  Copyright (C) Microsoft Corporation.  All rights reserved.
  cl /c /Zi /W3 /WX- /diagnostics:column /Od /Ob0 /Oy- /D WIN32 /D _WINDOWS /D CHECK_FUNCTION_EXISTS=catgets /D "CMAKE_INTDIR=\"Debug\"" /D _MBCS /Gm- /RTC1 /MDd /GS /fp:precise /Zc:wchar_t /Zc:forScope /Zc:inline /Fo"cmTC_f0f97.dir\Debug\\" /Fd"cmTC_f0f97.dir\Debug\vc142.pdb" /Gd /TC /analyze- /errorReport:queue "C:\dev\3rdParty\CMake\3.15.4\x86\share\cmake-3.15\Modules\CheckFunctionExists.c"
CheckFunctionExists.obj : error LNK2019: unresolved external symbol _catgets referenced in function _main [C:\dev\3rdParty\Xerces\3.2.2\Build\VS16\CMakeFiles\CMakeTmp\cmTC_f0f97.vcxproj]
C:\dev\3rdParty\Xerces\3.2.2\Build\VS16\CMakeFiles\CMakeTmp\Debug\cmTC_f0f97.exe : fatal error LNK1120: 1 unresolved externals [C:\dev\3rdParty\Xerces\3.2.2\Build\VS16\CMakeFiles\CMakeTmp\cmTC_f0f97.vcxproj]



Determining if the include file iconv.h exists failed with the following output:
Change Dir: C:/dev/3rdParty/Xerces/3.2.2/Build/VS16/CMakeFiles/CMakeTmp

Run Build Command(s):C:/Program Files (x86)/Microsoft Visual Studio/2019/Professional/MSBuild/Current/Bin/MSBuild.exe cmTC_3247e.vcxproj /p:Configuration=Debug /p:Platform=Win32 /p:VisualStudioVersion=16.0 /v:m && Microsoft (R) Build Engine version 16.4.0+e901037fe for .NET Framework
Copyright (C) Microsoft Corporation. All rights reserved.

  Microsoft (R) C/C++ Optimizing Compiler Version 19.24.28319 for x86
  CheckIncludeFile.cxx
  Copyright (C) Microsoft Corporation.  All rights reserved.
  cl /c /Zi /W3 /WX- /diagnostics:column /Od /Ob0 /Oy- /D WIN32 /D _WINDOWS /D "CMAKE_INTDIR=\"Debug\"" /D _MBCS /Gm- /EHsc /RTC1 /MDd /GS /fp:precise /Zc:wchar_t /Zc:forScope /Zc:inline /GR /std:c++14 /Fo"cmTC_3247e.dir\Debug\\" /Fd"cmTC_3247e.dir\Debug\vc142.pdb" /Gd /TP /analyze- /errorReport:queue C:\dev\3rdParty\Xerces\3.2.2\Build\VS16\CMakeFiles\CMakeTmp\CheckIncludeFile.cxx
C:\dev\3rdParty\Xerces\3.2.2\Build\VS16\CMakeFiles\CMakeTmp\CheckIncludeFile.cxx(1,10): fatal error C1083: Cannot open include file: 'iconv.h': No such file or directory [C:\dev\3rdParty\Xerces\3.2.2\Build\VS16\CMakeFiles\CMakeTmp\cmTC_3247e.vcxproj]



Determining if the function iconv_open exists failed with the following output:
Change Dir: C:/dev/3rdParty/Xerces/3.2.2/Build/VS16/CMakeFiles/CMakeTmp

Run Build Command(s):C:/Program Files (x86)/Microsoft Visual Studio/2019/Professional/MSBuild/Current/Bin/MSBuild.exe cmTC_d2f24.vcxproj /p:Configuration=Debug /p:Platform=Win32 /p:VisualStudioVersion=16.0 /v:m && Microsoft (R) Build Engine version 16.4.0+e901037fe for .NET Framework
Copyright (C) Microsoft Corporation. All rights reserved.

  Microsoft (R) C/C++ Optimizing Compiler Version 19.24.28319 for x86
  CheckFunctionExists.c
  Copyright (C) Microsoft Corporation.  All rights reserved.
  cl /c /Zi /W3 /WX- /diagnostics:column /Od /Ob0 /Oy- /D WIN32 /D _WINDOWS /D CHECK_FUNCTION_EXISTS=iconv_open /D "CMAKE_INTDIR=\"Debug\"" /D _MBCS /Gm- /RTC1 /MDd /GS /fp:precise /Zc:wchar_t /Zc:forScope /Zc:inline /Fo"cmTC_d2f24.dir\Debug\\" /Fd"cmTC_d2f24.dir\Debug\vc142.pdb" /Gd /TC /analyze- /errorReport:queue "C:\dev\3rdParty\CMake\3.15.4\x86\share\cmake-3.15\Modules\CheckFunctionExists.c"
CheckFunctionExists.obj : error LNK2019: unresolved external symbol _iconv_open referenced in function _main [C:\dev\3rdParty\Xerces\3.2.2\Build\VS16\CMakeFiles\CMakeTmp\cmTC_d2f24.vcxproj]
C:\dev\3rdParty\Xerces\3.2.2\Build\VS16\CMakeFiles\CMakeTmp\Debug\cmTC_d2f24.exe : fatal error LNK1120: 1 unresolved externals [C:\dev\3rdParty\Xerces\3.2.2\Build\VS16\CMakeFiles\CMakeTmp\cmTC_d2f24.vcxproj]



Determining if the function iconv_close exists failed with the following output:
Change Dir: C:/dev/3rdParty/Xerces/3.2.2/Build/VS16/CMakeFiles/CMakeTmp

Run Build Command(s):C:/Program Files (x86)/Microsoft Visual Studio/2019/Professional/MSBuild/Current/Bin/MSBuild.exe cmTC_a42e4.vcxproj /p:Configuration=Debug /p:Platform=Win32 /p:VisualStudioVersion=16.0 /v:m && Microsoft (R) Build Engine version 16.4.0+e901037fe for .NET Framework
Copyright (C) Microsoft Corporation. All rights reserved.

  Microsoft (R) C/C++ Optimizing Compiler Version 19.24.28319 for x86
  CheckFunctionExists.c
  Copyright (C) Microsoft Corporation.  All rights reserved.
  cl /c /Zi /W3 /WX- /diagnostics:column /Od /Ob0 /Oy- /D WIN32 /D _WINDOWS /D CHECK_FUNCTION_EXISTS=iconv_close /D "CMAKE_INTDIR=\"Debug\"" /D _MBCS /Gm- /RTC1 /MDd /GS /fp:precise /Zc:wchar_t /Zc:forScope /Zc:inline /Fo"cmTC_a42e4.dir\Debug\\" /Fd"cmTC_a42e4.dir\Debug\vc142.pdb" /Gd /TC /analyze- /errorReport:queue "C:\dev\3rdParty\CMake\3.15.4\x86\share\cmake-3.15\Modules\CheckFunctionExists.c"
CheckFunctionExists.obj : error LNK2019: unresolved external symbol _iconv_close referenced in function _main [C:\dev\3rdParty\Xerces\3.2.2\Build\VS16\CMakeFiles\CMakeTmp\cmTC_a42e4.vcxproj]
C:\dev\3rdParty\Xerces\3.2.2\Build\VS16\CMakeFiles\CMakeTmp\Debug\cmTC_a42e4.exe : fatal error LNK1120: 1 unresolved externals [C:\dev\3rdParty\Xerces\3.2.2\Build\VS16\CMakeFiles\CMakeTmp\cmTC_a42e4.vcxproj]



Determining if the function iconv exists failed with the following output:
Change Dir: C:/dev/3rdParty/Xerces/3.2.2/Build/VS16/CMakeFiles/CMakeTmp

Run Build Command(s):C:/Program Files (x86)/Microsoft Visual Studio/2019/Professional/MSBuild/Current/Bin/MSBuild.exe cmTC_8ed08.vcxproj /p:Configuration=Debug /p:Platform=Win32 /p:VisualStudioVersion=16.0 /v:m && Microsoft (R) Build Engine version 16.4.0+e901037fe for .NET Framework
Copyright (C) Microsoft Corporation. All rights reserved.

  Microsoft (R) C/C++ Optimizing Compiler Version 19.24.28319 for x86
  CheckFunctionExists.c
  Copyright (C) Microsoft Corporation.  All rights reserved.
  cl /c /Zi /W3 /WX- /diagnostics:column /Od /Ob0 /Oy- /D WIN32 /D _WINDOWS /D CHECK_FUNCTION_EXISTS=iconv /D "CMAKE_INTDIR=\"Debug\"" /D _MBCS /Gm- /RTC1 /MDd /GS /fp:precise /Zc:wchar_t /Zc:forScope /Zc:inline /Fo"cmTC_8ed08.dir\Debug\\" /Fd"cmTC_8ed08.dir\Debug\vc142.pdb" /Gd /TC /analyze- /errorReport:queue "C:\dev\3rdParty\CMake\3.15.4\x86\share\cmake-3.15\Modules\CheckFunctionExists.c"
CheckFunctionExists.obj : error LNK2019: unresolved external symbol _iconv referenced in function _main [C:\dev\3rdParty\Xerces\3.2.2\Build\VS16\CMakeFiles\CMakeTmp\cmTC_8ed08.vcxproj]
C:\dev\3rdParty\Xerces\3.2.2\Build\VS16\CMakeFiles\CMakeTmp\Debug\cmTC_8ed08.exe : fatal error LNK1120: 1 unresolved externals [C:\dev\3rdParty\Xerces\3.2.2\Build\VS16\CMakeFiles\CMakeTmp\cmTC_8ed08.vcxproj]



Performing C++ SOURCE FILE Test HAVE_CPUID_H failed with the following output:
Change Dir: C:/dev/3rdParty/Xerces/3.2.2/Build/VS16/CMakeFiles/CMakeTmp

Run Build Command(s):C:/Program Files (x86)/Microsoft Visual Studio/2019/Professional/MSBuild/Current/Bin/MSBuild.exe cmTC_a7bb2.vcxproj /p:Configuration=Debug /p:Platform=Win32 /p:VisualStudioVersion=16.0 /v:m && Microsoft (R) Build Engine version 16.4.0+e901037fe for .NET Framework
Copyright (C) Microsoft Corporation. All rights reserved.

  Microsoft (R) C/C++ Optimizing Compiler Version 19.24.28319 for x86
  src.cxx
  Copyright (C) Microsoft Corporation.  All rights reserved.
  cl /c /Zi /W3 /WX- /diagnostics:column /Od /Ob0 /Oy- /D WIN32 /D _WINDOWS /D HAVE_CPUID_H /D "CMAKE_INTDIR=\"Debug\"" /D _MBCS /Gm- /EHsc /RTC1 /MDd /GS /fp:precise /Zc:wchar_t /Zc:forScope /Zc:inline /GR /std:c++14 /Fo"cmTC_a7bb2.dir\Debug\\" /Fd"cmTC_a7bb2.dir\Debug\vc142.pdb" /Gd /TP /analyze- /errorReport:queue C:\dev\3rdParty\Xerces\3.2.2\Build\VS16\CMakeFiles\CMakeTmp\src.cxx
C:\dev\3rdParty\Xerces\3.2.2\Build\VS16\CMakeFiles\CMakeTmp\src.cxx(2,10): fatal error C1083: Cannot open include file: 'cpuid.h': No such file or directory [C:\dev\3rdParty\Xerces\3.2.2\Build\VS16\CMakeFiles\CMakeTmp\cmTC_a7bb2.vcxproj]


Source file was:

#include <cpuid.h>

int main() {
  return 0;
}
Performing C++ SOURCE FILE Test XERCES_HAVE_GETCPUID failed with the following output:
Change Dir: C:/dev/3rdParty/Xerces/3.2.2/Build/VS16/CMakeFiles/CMakeTmp

Run Build Command(s):C:/Program Files (x86)/Microsoft Visual Studio/2019/Professional/MSBuild/Current/Bin/MSBuild.exe cmTC_b5bca.vcxproj /p:Configuration=Debug /p:Platform=Win32 /p:VisualStudioVersion=16.0 /v:m && Microsoft (R) Build Engine version 16.4.0+e901037fe for .NET Framework
Copyright (C) Microsoft Corporation. All rights reserved.

  Microsoft (R) C/C++ Optimizing Compiler Version 19.24.28319 for x86
  src.cxx
  Copyright (C) Microsoft Corporation.  All rights reserved.
  cl /c /Zi /W3 /WX- /diagnostics:column /Od /Ob0 /Oy- /D WIN32 /D _WINDOWS /D XERCES_HAVE_GETCPUID /D "CMAKE_INTDIR=\"Debug\"" /D _MBCS /Gm- /EHsc /RTC1 /MDd /GS /fp:precise /Zc:wchar_t /Zc:forScope /Zc:inline /GR /std:c++14 /Fo"cmTC_b5bca.dir\Debug\\" /Fd"cmTC_b5bca.dir\Debug\vc142.pdb" /Gd /TP /analyze- /errorReport:queue C:\dev\3rdParty\Xerces\3.2.2\Build\VS16\CMakeFiles\CMakeTmp\src.cxx
C:\dev\3rdParty\Xerces\3.2.2\Build\VS16\CMakeFiles\CMakeTmp\src.cxx(2,10): fatal error C1083: Cannot open include file: 'cpuid.h': No such file or directory [C:\dev\3rdParty\Xerces\3.2.2\Build\VS16\CMakeFiles\CMakeTmp\cmTC_b5bca.vcxproj]


Source file was:

#include <cpuid.h>

int main() {
  unsigned int eax, ebx, ecx, edx;
  __get_cpuid (1, &eax, &ebx, &ecx, &edx);
  return 0;
}
Performing C++ SOURCE FILE Test HAVE_PATH_MAX failed with the following output:
Change Dir: C:/dev/3rdParty/Xerces/3.2.2/Build/VS16/CMakeFiles/CMakeTmp

Run Build Command(s):C:/Program Files (x86)/Microsoft Visual Studio/2019/Professional/MSBuild/Current/Bin/MSBuild.exe cmTC_3a1fa.vcxproj /p:Configuration=Debug /p:Platform=Win32 /p:VisualStudioVersion=16.0 /v:m && Microsoft (R) Build Engine version 16.4.0+e901037fe for .NET Framework
Copyright (C) Microsoft Corporation. All rights reserved.

  Microsoft (R) C/C++ Optimizing Compiler Version 19.24.28319 for x86
  src.cxx
  Copyright (C) Microsoft Corporation.  All rights reserved.
  cl /c /Zi /W3 /WX- /diagnostics:column /Od /Ob0 /Oy- /D WIN32 /D _WINDOWS /D HAVE_PATH_MAX /D "CMAKE_INTDIR=\"Debug\"" /D _MBCS /Gm- /EHsc /RTC1 /MDd /GS /fp:precise /Zc:wchar_t /Zc:forScope /Zc:inline /GR /std:c++14 /Fo"cmTC_3a1fa.dir\Debug\\" /Fd"cmTC_3a1fa.dir\Debug\vc142.pdb" /Gd /TP /analyze- /errorReport:queue C:\dev\3rdParty\Xerces\3.2.2\Build\VS16\CMakeFiles\CMakeTmp\src.cxx
C:\dev\3rdParty\Xerces\3.2.2\Build\VS16\CMakeFiles\CMakeTmp\src.cxx(4,14): error C2065: 'PATH_MAX': undeclared identifier [C:\dev\3rdParty\Xerces\3.2.2\Build\VS16\CMakeFiles\CMakeTmp\cmTC_3a1fa.vcxproj]


Source file was:

#include <limits.h>
int main(void) {
  char dummy[PATH_MAX];
  return 0;
}
Performing C++ SOURCE FILE Test ICONV_USES_CONST_POINTER failed with the following output:
Change Dir: C:/dev/3rdParty/Xerces/3.2.2/Build/VS16/CMakeFiles/CMakeTmp

Run Build Command(s):C:/Program Files (x86)/Microsoft Visual Studio/2019/Professional/MSBuild/Current/Bin/MSBuild.exe cmTC_0a16e.vcxproj /p:Configuration=Debug /p:Platform=Win32 /p:VisualStudioVersion=16.0 /v:m && Microsoft (R) Build Engine version 16.4.0+e901037fe for .NET Framework
Copyright (C) Microsoft Corporation. All rights reserved.

  Microsoft (R) C/C++ Optimizing Compiler Version 19.24.28319 for x86
  Copyright (C) Microsoft Corporation.  All rights reserved.
  src.cxx
  cl /c /Zi /W3 /WX- /diagnostics:column /Od /Ob0 /Oy- /D WIN32 /D _WINDOWS /D ICONV_USES_CONST_POINTER /D "CMAKE_INTDIR=\"Debug\"" /D _MBCS /Gm- /EHsc /RTC1 /MDd /GS /fp:precise /Zc:wchar_t /Zc:forScope /Zc:inline /GR /std:c++14 /Fo"cmTC_0a16e.dir\Debug\\" /Fd"cmTC_0a16e.dir\Debug\vc142.pdb" /Gd /TP /analyze- /errorReport:queue C:\dev\3rdParty\Xerces\3.2.2\Build\VS16\CMakeFiles\CMakeTmp\src.cxx
C:\dev\3rdParty\Xerces\3.2.2\Build\VS16\CMakeFiles\CMakeTmp\src.cxx(2,10): fatal error C1083: Cannot open include file: 'iconv.h': No such file or directory [C:\dev\3rdParty\Xerces\3.2.2\Build\VS16\CMakeFiles\CMakeTmp\cmTC_0a16e.vcxproj]


Source file was:

#include <iconv.h>

int main(void) {
  const char *fromPtr=0;
  size_t     fromLen=0;
  char       *toPtr=0;
  size_t     toLen=0;
  iconv_t    cv=0;
  iconv(cv, &fromPtr, &fromLen, &toPtr, &toLen);
  return 0;
}
